This file contains any messages produced by compilers while
running configure, to aid debugging if configure makes a mistake.

It was created by configure, which was
generated by GNU Autoconf 2.59.  Invocation command line was

  $ ./configure 

## --------- ##
## Platform. ##
## --------- ##

hostname = Cooltown-MACH1
uname -m = i586
uname -r = 1.5.18(0.132/4/2)
uname -s = CYGWIN_NT-5.1
uname -v = 2005-07-02 20:30

/usr/bin/uname -p = unknown
/bin/uname -X     = unknown

/bin/arch              = unknown
/usr/bin/arch -k       = unknown
/usr/convex/getsysinfo = unknown
hostinfo               = unknown
/bin/machine           = unknown
/usr/bin/oslevel       = unknown
/bin/universe          = unknown

PATH: /usr/local/bin
PATH: /usr/bin
PATH: /bin
PATH: /usr/X11R6/bin
PATH: /cygdrive/c/WINDOWS/system32
PATH: /cygdrive/c/WINDOWS
PATH: /cygdrive/c/WINDOWS/System32/Wbem
PATH: /cygdrive/c/PROGRA~1/ULTRAE~1
PATH: /usr/local/pspdev/bin
PATH: /usr/local/pspdev/psp/sdk/bin


## ----------- ##
## Core tests. ##
## ----------- ##

configure:1539: checking for a BSD-compatible install
configure:1594: result: /usr/bin/install -c
configure:1605: checking whether build environment is sane
configure:1648: result: yes
configure:1705: checking for gawk
configure:1721: found /usr/bin/gawk
configure:1731: result: gawk
configure:1741: checking whether make sets $(MAKE)
configure:1761: result: yes
configure:1925: checking whether to enable maintainer-specific portions of Makefiles
configure:1934: result: no
configure:2004: checking for gcc
configure:2020: found /usr/bin/gcc
configure:2030: result: gcc
configure:2274: checking for C compiler version
configure:2277: gcc --version </dev/null >&5
gcc (GCC) 3.4.4 (cygming special) (gdc 0.12, using dmd 0.125)
Copyright (C) 2004 Free Software Foundation, Inc.
This is free software; see the source for copying conditions.  There is NO
warranty; not even for MERCHANTABILITY or FITNESS FOR A PARTICULAR PURPOSE.

configure:2280: $? = 0
configure:2282: gcc -v </dev/null >&5
Reading specs from /usr/lib/gcc/i686-pc-cygwin/3.4.4/specs
Configured with: /gcc/gcc-3.4.4/gcc-3.4.4-1/configure --verbose --prefix=/usr --exec-prefix=/usr --sysconfdir=/etc --libdir=/usr/lib --libexecdir=/usr/lib --mandir=/usr/share/man --infodir=/usr/share/info --enable-languages=c,ada,c++,d,f77,java,objc --enable-nls --without-included-gettext --enable-version-specific-runtime-libs --without-x --enable-libgcj --disable-java-awt --with-system-zlib --enable-interpreter --disable-libgcj-debug --enable-threads=posix --enable-java-gc=boehm --disable-win32-registry --enable-sjlj-exceptions --enable-hash-synchronization --enable-libstdcxx-debug : (reconfigured) 
Thread model: posix
gcc version 3.4.4 (cygming special) (gdc 0.12, using dmd 0.125)
configure:2285: $? = 0
configure:2287: gcc -V </dev/null >&5
gcc: `-V' option must have argument
configure:2290: $? = 1
configure:2313: checking for C compiler default output file name
configure:2316: gcc    conftest.c  >&5
configure:2319: $? = 0
configure:2365: result: a.exe
configure:2370: checking whether the C compiler works
configure:2376: ./a.exe
configure:2379: $? = 0
configure:2396: result: yes
configure:2403: checking whether we are cross compiling
configure:2405: result: no
configure:2408: checking for suffix of executables
configure:2410: gcc -o conftest.exe    conftest.c  >&5
configure:2413: $? = 0
configure:2438: result: .exe
configure:2444: checking for suffix of object files
configure:2465: gcc -c   conftest.c >&5
configure:2468: $? = 0
configure:2490: result: o
configure:2494: checking whether we are using the GNU C compiler
configure:2518: gcc -c   conftest.c >&5
configure:2524: $? = 0
configure:2527: test -z 			 || test ! -s conftest.err
configure:2530: $? = 0
configure:2533: test -s conftest.o
configure:2536: $? = 0
configure:2549: result: yes
configure:2555: checking whether gcc accepts -g
configure:2576: gcc -c -g  conftest.c >&5
configure:2582: $? = 0
configure:2585: test -z 			 || test ! -s conftest.err
configure:2588: $? = 0
configure:2591: test -s conftest.o
configure:2594: $? = 0
configure:2605: result: yes
configure:2622: checking for gcc option to accept ANSI C
configure:2692: gcc  -c -g -O2  conftest.c >&5
configure:2698: $? = 0
configure:2701: test -z 			 || test ! -s conftest.err
configure:2704: $? = 0
configure:2707: test -s conftest.o
configure:2710: $? = 0
configure:2728: result: none needed
configure:2746: gcc -c -g -O2  conftest.c >&5
conftest.c:2: error: parse error before "me"
configure:2752: $? = 1
configure: failed program was:
| #ifndef __cplusplus
|   choke me
| #endif
configure:2893: checking for style of include used by make
configure:2921: result: GNU
configure:2949: checking dependency style of gcc
configure:3039: result: gcc3
configure:3134: checking build system type
configure:3152: result: i586-pc-cygwin
configure:3160: checking host system type
configure:3174: result: i586-pc-cygwin
configure:3182: checking for a sed that does not truncate output
configure:3236: result: /usr/bin/sed
configure:3239: checking for egrep
configure:3249: result: grep -E
configure:3265: checking for ld used by gcc
configure:3332: result: /usr/i686-pc-cygwin/bin/ld.exe
configure:3341: checking if the linker (/usr/i686-pc-cygwin/bin/ld.exe) is GNU ld
configure:3356: result: yes
configure:3361: checking for /usr/i686-pc-cygwin/bin/ld.exe option to reload object files
configure:3368: result: -r
configure:3377: checking for BSD-compatible nm
configure:3419: result: /usr/bin/nm -B
configure:3423: checking whether ln -s works
configure:3427: result: yes
configure:3434: checking how to recognise dependent libraries
configure:3608: result: file_magic ^x86 archive import|^x86 DLL
configure:3821: checking how to run the C preprocessor
configure:3856: gcc -E  conftest.c
configure:3862: $? = 0
configure:3894: gcc -E  conftest.c
conftest.c:11:28: ac_nonexistent.h: No such file or directory
configure:3900: $? = 1
configure: failed program was:
| /* confdefs.h.  */
| 
| #define PACKAGE_NAME ""
| #define PACKAGE_TARNAME ""
| #define PACKAGE_VERSION ""
| #define PACKAGE_STRING ""
| #define PACKAGE_BUGREPORT ""
| #define PACKAGE "libogg"
| #define VERSION "1.1.2"
| /* end confdefs.h.  */
| #include <ac_nonexistent.h>
configure:3939: result: gcc -E
configure:3963: gcc -E  conftest.c
configure:3969: $? = 0
configure:4001: gcc -E  conftest.c
conftest.c:11:28: ac_nonexistent.h: No such file or directory
configure:4007: $? = 1
configure: failed program was:
| /* confdefs.h.  */
| 
| #define PACKAGE_NAME ""
| #define PACKAGE_TARNAME ""
| #define PACKAGE_VERSION ""
| #define PACKAGE_STRING ""
| #define PACKAGE_BUGREPORT ""
| #define PACKAGE "libogg"
| #define VERSION "1.1.2"
| /* end confdefs.h.  */
| #include <ac_nonexistent.h>
configure:4051: checking for ANSI C header files
configure:4076: gcc -c -g -O2  conftest.c >&5
configure:4082: $? = 0
configure:4085: test -z 			 || test ! -s conftest.err
configure:4088: $? = 0
configure:4091: test -s conftest.o
configure:4094: $? = 0
configure:4183: gcc -o conftest.exe -g -O2   conftest.c  >&5
configure:4186: $? = 0
configure:4188: ./conftest.exe
configure:4191: $? = 0
configure:4206: result: yes
configure:4230: checking for sys/types.h
configure:4246: gcc -c -g -O2  conftest.c >&5
configure:4252: $? = 0
configure:4255: test -z 			 || test ! -s conftest.err
configure:4258: $? = 0
configure:4261: test -s conftest.o
configure:4264: $? = 0
configure:4275: result: yes
configure:4230: checking for sys/stat.h
configure:4246: gcc -c -g -O2  conftest.c >&5
configure:4252: $? = 0
configure:4255: test -z 			 || test ! -s conftest.err
configure:4258: $? = 0
configure:4261: test -s conftest.o
configure:4264: $? = 0
configure:4275: result: yes
configure:4230: checking for stdlib.h
configure:4246: gcc -c -g -O2  conftest.c >&5
configure:4252: $? = 0
configure:4255: test -z 			 || test ! -s conftest.err
configure:4258: $? = 0
configure:4261: test -s conftest.o
configure:4264: $? = 0
configure:4275: result: yes
configure:4230: checking for string.h
configure:4246: gcc -c -g -O2  conftest.c >&5
configure:4252: $? = 0
configure:4255: test -z 			 || test ! -s conftest.err
configure:4258: $? = 0
configure:4261: test -s conftest.o
configure:4264: $? = 0
configure:4275: result: yes
configure:4230: checking for memory.h
configure:4246: gcc -c -g -O2  conftest.c >&5
configure:4252: $? = 0
configure:4255: test -z 			 || test ! -s conftest.err
configure:4258: $? = 0
configure:4261: test -s conftest.o
configure:4264: $? = 0
configure:4275: result: yes
configure:4230: checking for strings.h
configure:4246: gcc -c -g -O2  conftest.c >&5
configure:4252: $? = 0
configure:4255: test -z 			 || test ! -s conftest.err
configure:4258: $? = 0
configure:4261: test -s conftest.o
configure:4264: $? = 0
configure:4275: result: yes
configure:4230: checking for inttypes.h
configure:4246: gcc -c -g -O2  conftest.c >&5
configure:4252: $? = 0
configure:4255: test -z 			 || test ! -s conftest.err
configure:4258: $? = 0
configure:4261: test -s conftest.o
configure:4264: $? = 0
configure:4275: result: yes
configure:4230: checking for stdint.h
configure:4246: gcc -c -g -O2  conftest.c >&5
configure:4252: $? = 0
configure:4255: test -z 			 || test ! -s conftest.err
configure:4258: $? = 0
configure:4261: test -s conftest.o
configure:4264: $? = 0
configure:4275: result: yes
configure:4230: checking for unistd.h
configure:4246: gcc -c -g -O2  conftest.c >&5
configure:4252: $? = 0
configure:4255: test -z 			 || test ! -s conftest.err
configure:4258: $? = 0
configure:4261: test -s conftest.o
configure:4264: $? = 0
configure:4275: result: yes
configure:4301: checking dlfcn.h usability
configure:4313: gcc -c -g -O2  conftest.c >&5
configure:4319: $? = 0
configure:4322: test -z 			 || test ! -s conftest.err
configure:4325: $? = 0
configure:4328: test -s conftest.o
configure:4331: $? = 0
configure:4341: result: yes
configure:4345: checking dlfcn.h presence
configure:4355: gcc -E  conftest.c
configure:4361: $? = 0
configure:4381: result: yes
configure:4416: checking for dlfcn.h
configure:4423: result: yes
configure:4488: checking for g++
configure:4504: found /usr/bin/g++
configure:4514: result: g++
configure:4530: checking for C++ compiler version
configure:4533: g++ --version </dev/null >&5
g++ (GCC) 3.4.4 (cygming special) (gdc 0.12, using dmd 0.125)
Copyright (C) 2004 Free Software Foundation, Inc.
This is free software; see the source for copying conditions.  There is NO
warranty; not even for MERCHANTABILITY or FITNESS FOR A PARTICULAR PURPOSE.

configure:4536: $? = 0
configure:4538: g++ -v </dev/null >&5
Reading specs from /usr/lib/gcc/i686-pc-cygwin/3.4.4/specs
Configured with: /gcc/gcc-3.4.4/gcc-3.4.4-1/configure --verbose --prefix=/usr --exec-prefix=/usr --sysconfdir=/etc --libdir=/usr/lib --libexecdir=/usr/lib --mandir=/usr/share/man --infodir=/usr/share/info --enable-languages=c,ada,c++,d,f77,java,objc --enable-nls --without-included-gettext --enable-version-specific-runtime-libs --without-x --enable-libgcj --disable-java-awt --with-system-zlib --enable-interpreter --disable-libgcj-debug --enable-threads=posix --enable-java-gc=boehm --disable-win32-registry --enable-sjlj-exceptions --enable-hash-synchronization --enable-libstdcxx-debug : (reconfigured) 
Thread model: posix
gcc version 3.4.4 (cygming special) (gdc 0.12, using dmd 0.125)
configure:4541: $? = 0
configure:4543: g++ -V </dev/null >&5
g++: `-V' option must have argument
configure:4546: $? = 1
configure:4549: checking whether we are using the GNU C++ compiler
configure:4573: g++ -c   conftest.cc >&5
configure:4579: $? = 0
configure:4582: test -z 			 || test ! -s conftest.err
configure:4585: $? = 0
configure:4588: test -s conftest.o
configure:4591: $? = 0
configure:4604: result: yes
configure:4610: checking whether g++ accepts -g
configure:4631: g++ -c -g  conftest.cc >&5
configure:4637: $? = 0
configure:4640: test -z 			 || test ! -s conftest.err
configure:4643: $? = 0
configure:4646: test -s conftest.o
configure:4649: $? = 0
configure:4660: result: yes
configure:4702: g++ -c -g -O2  conftest.cc >&5
configure:4708: $? = 0
configure:4711: test -z 			 || test ! -s conftest.err
configure:4714: $? = 0
configure:4717: test -s conftest.o
configure:4720: $? = 0
configure:4746: g++ -c -g -O2  conftest.cc >&5
conftest.cc: In function `int main()':
conftest.cc:26: error: `exit' undeclared (first use this function)
conftest.cc:26: error: (Each undeclared identifier is reported only once for each function it appears in.)
configure:4752: $? = 1
configure: failed program was:
| /* confdefs.h.  */
| 
| #define PACKAGE_NAME ""
| #define PACKAGE_TARNAME ""
| #define PACKAGE_VERSION ""
| #define PACKAGE_STRING ""
| #define PACKAGE_BUGREPORT ""
| #define PACKAGE "libogg"
| #define VERSION "1.1.2"
| #define STDC_HEADERS 1
| #define HAVE_SYS_TYPES_H 1
| #define HAVE_SYS_STAT_H 1
| #define HAVE_STDLIB_H 1
| #define HAVE_STRING_H 1
| #define HAVE_MEMORY_H 1
| #define HAVE_STRINGS_H 1
| #define HAVE_INTTYPES_H 1
| #define HAVE_STDINT_H 1
| #define HAVE_UNISTD_H 1
| #define HAVE_DLFCN_H 1
| /* end confdefs.h.  */
| 
| int
| main ()
| {
| exit (42);
|   ;
|   return 0;
| }
configure:4702: g++ -c -g -O2  conftest.cc >&5
configure:4708: $? = 0
configure:4711: test -z 			 || test ! -s conftest.err
configure:4714: $? = 0
configure:4717: test -s conftest.o
configure:4720: $? = 0
configure:4746: g++ -c -g -O2  conftest.cc >&5
configure:4752: $? = 0
configure:4755: test -z 			 || test ! -s conftest.err
configure:4758: $? = 0
configure:4761: test -s conftest.o
configure:4764: $? = 0
configure:4789: checking dependency style of g++
configure:4879: result: gcc3
configure:4901: checking how to run the C++ preprocessor
configure:4932: g++ -E  conftest.cc
configure:4938: $? = 0
configure:4970: g++ -E  conftest.cc
conftest.cc:25:28: ac_nonexistent.h: No such file or directory
configure:4976: $? = 1
configure: failed program was:
| /* confdefs.h.  */
| 
| #define PACKAGE_NAME ""
| #define PACKAGE_TARNAME ""
| #define PACKAGE_VERSION ""
| #define PACKAGE_STRING ""
| #define PACKAGE_BUGREPORT ""
| #define PACKAGE "libogg"
| #define VERSION "1.1.2"
| #define STDC_HEADERS 1
| #define HAVE_SYS_TYPES_H 1
| #define HAVE_SYS_STAT_H 1
| #define HAVE_STDLIB_H 1
| #define HAVE_STRING_H 1
| #define HAVE_MEMORY_H 1
| #define HAVE_STRINGS_H 1
| #define HAVE_INTTYPES_H 1
| #define HAVE_STDINT_H 1
| #define HAVE_UNISTD_H 1
| #define HAVE_DLFCN_H 1
| #ifdef __cplusplus
| extern "C" void std::exit (int) throw (); using std::exit;
| #endif
| /* end confdefs.h.  */
| #include <ac_nonexistent.h>
configure:5015: result: g++ -E
configure:5039: g++ -E  conftest.cc
configure:5045: $? = 0
configure:5077: g++ -E  conftest.cc
conftest.cc:25:28: ac_nonexistent.h: No such file or directory
configure:5083: $? = 1
configure: failed program was:
| /* confdefs.h.  */
| 
| #define PACKAGE_NAME ""
| #define PACKAGE_TARNAME ""
| #define PACKAGE_VERSION ""
| #define PACKAGE_STRING ""
| #define PACKAGE_BUGREPORT ""
| #define PACKAGE "libogg"
| #define VERSION "1.1.2"
| #define STDC_HEADERS 1
| #define HAVE_SYS_TYPES_H 1
| #define HAVE_SYS_STAT_H 1
| #define HAVE_STDLIB_H 1
| #define HAVE_STRING_H 1
| #define HAVE_MEMORY_H 1
| #define HAVE_STRINGS_H 1
| #define HAVE_INTTYPES_H 1
| #define HAVE_STDINT_H 1
| #define HAVE_UNISTD_H 1
| #define HAVE_DLFCN_H 1
| #ifdef __cplusplus
| extern "C" void std::exit (int) throw (); using std::exit;
| #endif
| /* end confdefs.h.  */
| #include <ac_nonexistent.h>
configure:5178: checking for g77
configure:5207: result: no
configure:5178: checking for f77
configure:5207: result: no
configure:5178: checking for xlf
configure:5207: result: no
configure:5178: checking for frt
configure:5207: result: no
configure:5178: checking for pgf77
configure:5207: result: no
configure:5178: checking for fort77
configure:5207: result: no
configure:5178: checking for fl32
configure:5207: result: no
configure:5178: checking for af77
configure:5207: result: no
configure:5178: checking for f90
configure:5207: result: no
configure:5178: checking for xlf90
configure:5207: result: no
configure:5178: checking for pgf90
configure:5207: result: no
configure:5178: checking for epcf90
configure:5207: result: no
configure:5178: checking for f95
configure:5207: result: no
configure:5178: checking for fort
configure:5207: result: no
configure:5178: checking for xlf95
configure:5207: result: no
configure:5178: checking for ifc
configure:5207: result: no
configure:5178: checking for efc
configure:5207: result: no
configure:5178: checking for pgf95
configure:5207: result: no
configure:5178: checking for lf95
configure:5207: result: no
configure:5178: checking for gfortran
configure:5207: result: no
configure:5219: checking for Fortran 77 compiler version
configure:5222:  --version </dev/null >&5
./configure: line 5223: --version: command not found
configure:5225: $? = 127
configure:5227:  -v </dev/null >&5
./configure: line 5228: -v: command not found
configure:5230: $? = 127
configure:5232:  -V </dev/null >&5
./configure: line 5233: -V: command not found
configure:5235: $? = 127
configure:5243: checking whether we are using the GNU Fortran 77 compiler
configure:5257:  -c  conftest.F >&5
./configure: line 5258: -c: command not found
configure:5263: $? = 127
configure: failed program was:
|       program main
| #ifndef __GNUC__
|        choke me
| #endif
| 
|       end
configure:5288: result: no
configure:5294: checking whether  accepts -g
configure:5306:  -c -g conftest.f >&5
./configure: line 5307: -c: command not found
configure:5312: $? = 127
configure: failed program was:
|       program main
| 
|       end
configure:5336: result: no
configure:5366: checking the maximum length of command line arguments
configure:5431: result: 8192
configure:5442: checking command to parse /usr/bin/nm -B output from gcc object
configure:5531: gcc -c -g -O2  conftest.c >&5
configure:5534: $? = 0
configure:5538: /usr/bin/nm -B conftest.o \| sed -n -e 's/^.*[ 	]\([ABCDGIRSTW][ABCDGIRSTW]*\)[ 	][ 	]*\(\)\([_A-Za-z][_A-Za-z0-9]*\)$/\1 \2\3 \3/p' \> conftest.nm
configure:5541: $? = 0
cannot find nm_test_var in conftest.nm
configure:5531: gcc -c -g -O2  conftest.c >&5
configure:5534: $? = 0
configure:5538: /usr/bin/nm -B conftest.o \| sed -n -e 's/^.*[ 	]\([ABCDGIRSTW][ABCDGIRSTW]*\)[ 	][ 	]*\(_\)\([_A-Za-z][_A-Za-z0-9]*\)$/\1 \2\3 \3/p' \> conftest.nm
configure:5541: $? = 0
configure:5593: gcc -o conftest.exe -g -O2   conftest.c conftstm.o >&5
configure:5596: $? = 0
configure:5634: result: ok
configure:5638: checking for objdir
configure:5653: result: .libs
configure:5743: checking for ar
configure:5759: found /usr/bin/ar
configure:5770: result: ar
configure:5823: checking for ranlib
configure:5839: found /usr/bin/ranlib
configure:5850: result: ranlib
configure:5903: checking for strip
configure:5919: found /usr/bin/strip
configure:5930: result: strip
configure:6192: checking if gcc static flag  works
configure:6215: result: yes
configure:6233: checking if gcc supports -fno-rtti -fno-exceptions
configure:6251: gcc -c -g -O2  -fno-rtti -fno-exceptions conftest.c >&5
cc1: warning: command line option "-fno-rtti" is valid for C++/ObjC++ but not for C
configure:6255: $? = 0
configure:6266: result: no
configure:6281: checking for gcc option to produce PIC
configure:6458: result: 
configure:6523: checking if gcc supports -c -o file.o
configure:6544: gcc -c -g -O2  -o out/conftest2.o conftest.c >&5
configure:6548: $? = 0
configure:6568: result: yes
configure:6594: checking whether the gcc linker (/usr/i686-pc-cygwin/bin/ld.exe) supports shared libraries
configure:7441: result: yes
configure:7467: checking whether -lc should be explicitly linked in
configure:7472: gcc -c -g -O2  conftest.c >&5
configure:7475: $? = 0
configure:7489: gcc -shared conftest.o  -v -o ./conftest -Wl,--image-base=0x10000000 -Wl,--out-implib,conftest 2\>\&1 \| grep  -lc  \>/dev/null 2\>\&1
configure:7492: $? = 1
configure:7504: result: yes
configure:7512: checking dynamic linker characteristics
configure:8064: result: Win32 ld.exe
configure:8068: checking how to hardcode library paths into programs
configure:8093: result: immediate
configure:8107: checking whether stripping libraries is possible
configure:8112: result: yes
configure:8935: checking if libtool supports shared libraries
configure:8937: result: yes
configure:8940: checking whether to build shared libraries
configure:8998: result: yes
configure:9001: checking whether to build static libraries
configure:9005: result: yes
configure:9097: creating libtool
configure:9644: checking for ld used by g++
configure:9711: result: /usr/i686-pc-cygwin/bin/ld.exe
configure:9720: checking if the linker (/usr/i686-pc-cygwin/bin/ld.exe) is GNU ld
configure:9735: result: yes
configure:9786: checking whether the g++ linker (/usr/i686-pc-cygwin/bin/ld.exe) supports shared libraries
configure:10612: result: yes
configure:10630: g++ -c -g -O2  conftest.cc >&5
configure:10633: $? = 0
configure:10729: checking for g++ option to produce PIC
configure:10981: result: 
configure:11046: checking if g++ supports -c -o file.o
configure:11067: g++ -c -g -O2  -o out/conftest2.o conftest.cc >&5
configure:11071: $? = 0
configure:11091: result: yes
configure:11117: checking whether the g++ linker (/usr/i686-pc-cygwin/bin/ld.exe) supports shared libraries
configure:11145: result: yes
configure:11216: checking dynamic linker characteristics
configure:11768: result: Win32 ld.exe
configure:11772: checking how to hardcode library paths into programs
configure:11797: result: immediate
configure:11811: checking whether stripping libraries is possible
configure:11816: result: yes
configure:19115: checking for ANSI C header files
configure:19270: result: yes
configure:19281: checking for an ANSI C-conforming const
configure:19348: gcc -c -O20 -fsigned-char -g -O2  conftest.c >&5
configure:19354: $? = 0
configure:19357: test -z 			 || test ! -s conftest.err
configure:19360: $? = 0
configure:19363: test -s conftest.o
configure:19366: $? = 0
configure:19377: result: yes
configure:19389: checking for int16_t
configure:19414: gcc -o conftest.exe -O20 -fsigned-char -g -O2    conftest.c  >&5
configure:19417: $? = 0
configure:19419: ./conftest.exe
configure:19422: $? = 0
configure:19437: result: yes
configure:19440: checking for int32_t
configure:19465: gcc -o conftest.exe -O20 -fsigned-char -g -O2    conftest.c  >&5
configure:19468: $? = 0
configure:19470: ./conftest.exe
configure:19473: $? = 0
configure:19488: result: yes
configure:19491: checking for uint32_t
configure:19516: gcc -o conftest.exe -O20 -fsigned-char -g -O2    conftest.c  >&5
configure:19519: $? = 0
configure:19521: ./conftest.exe
configure:19524: $? = 0
configure:19539: result: yes
configure:19542: checking for uint16_t
configure:19567: gcc -o conftest.exe -O20 -fsigned-char -g -O2    conftest.c  >&5
configure:19570: $? = 0
configure:19572: ./conftest.exe
configure:19575: $? = 0
configure:19590: result: yes
configure:19593: checking for u_int32_t
configure:19618: gcc -o conftest.exe -O20 -fsigned-char -g -O2    conftest.c  >&5
configure:19621: $? = 0
configure:19623: ./conftest.exe
configure:19626: $? = 0
configure:19641: result: yes
configure:19644: checking for u_int16_t
configure:19669: gcc -o conftest.exe -O20 -fsigned-char -g -O2    conftest.c  >&5
configure:19672: $? = 0
configure:19674: ./conftest.exe
configure:19677: $? = 0
configure:19692: result: yes
configure:19695: checking for int64_t
configure:19720: gcc -o conftest.exe -O20 -fsigned-char -g -O2    conftest.c  >&5
configure:19723: $? = 0
configure:19725: ./conftest.exe
configure:19728: $? = 0
configure:19743: result: yes
configure:19746: checking for short
configure:19770: gcc -c -O20 -fsigned-char -g -O2  conftest.c >&5
configure:19776: $? = 0
configure:19779: test -z 			 || test ! -s conftest.err
configure:19782: $? = 0
configure:19785: test -s conftest.o
configure:19788: $? = 0
configure:19799: result: yes
configure:19802: checking size of short
configure:20114: gcc -o conftest.exe -O20 -fsigned-char -g -O2    conftest.c  >&5
configure:20117: $? = 0
configure:20119: ./conftest.exe
configure:20122: $? = 0
configure:20145: result: 2
configure:20152: checking for int
configure:20176: gcc -c -O20 -fsigned-char -g -O2  conftest.c >&5
configure:20182: $? = 0
configure:20185: test -z 			 || test ! -s conftest.err
configure:20188: $? = 0
configure:20191: test -s conftest.o
configure:20194: $? = 0
configure:20205: result: yes
configure:20208: checking size of int
configure:20520: gcc -o conftest.exe -O20 -fsigned-char -g -O2    conftest.c  >&5
configure:20523: $? = 0
configure:20525: ./conftest.exe
configure:20528: $? = 0
configure:20551: result: 4
configure:20558: checking for long
configure:20582: gcc -c -O20 -fsigned-char -g -O2  conftest.c >&5
configure:20588: $? = 0
configure:20591: test -z 			 || test ! -s conftest.err
configure:20594: $? = 0
configure:20597: test -s conftest.o
configure:20600: $? = 0
configure:20611: result: yes
configure:20614: checking size of long
configure:20926: gcc -o conftest.exe -O20 -fsigned-char -g -O2    conftest.c  >&5
configure:20929: $? = 0
configure:20931: ./conftest.exe
configure:20934: $? = 0
configure:20957: result: 4
configure:20964: checking for long long
configure:20988: gcc -c -O20 -fsigned-char -g -O2  conftest.c >&5
configure:20994: $? = 0
configure:20997: test -z 			 || test ! -s conftest.err
configure:21000: $? = 0
configure:21003: test -s conftest.o
configure:21006: $? = 0
configure:21017: result: yes
configure:21020: checking size of long long
configure:21332: gcc -o conftest.exe -O20 -fsigned-char -g -O2    conftest.c  >&5
configure:21335: $? = 0
configure:21337: ./conftest.exe
configure:21340: $? = 0
configure:21363: result: 8
configure:21454: checking for working memcmp
configure:21502: gcc -o conftest.exe -O20 -fsigned-char -g -O2    conftest.c  >&5
configure:21505: $? = 0
configure:21507: ./conftest.exe
configure:21510: $? = 0
configure:21524: result: yes
configure:21673: creating ./config.status

## ---------------------- ##
## Running config.status. ##
## ---------------------- ##

This file was extended by config.status, which was
generated by GNU Autoconf 2.59.  Invocation command line was

  CONFIG_FILES    = 
  CONFIG_HEADERS  = 
  CONFIG_LINKS    = 
  CONFIG_COMMANDS = 
  $ ./config.status 

on Cooltown-MACH1

config.status:777: creating Makefile
config.status:777: creating src/Makefile
config.status:777: creating doc/Makefile
config.status:777: creating doc/ogg/Makefile
config.status:777: creating include/Makefile
config.status:777: creating include/ogg/Makefile
config.status:777: creating include/ogg/config_types.h
config.status:777: creating win32/Makefile
config.status:777: creating debian/Makefile
config.status:777: creating libogg.spec
config.status:777: creating ogg.pc
config.status:777: creating ogg-uninstalled.pc
config.status:843: creating config.h
config.status:1141: executing depfiles commands

## ---------------- ##
## Cache variables. ##
## ---------------- ##

ac_cv_build=i586-pc-cygwin
ac_cv_build_alias=i586-pc-cygwin
ac_cv_c_compiler_gnu=yes
ac_cv_c_const=yes
ac_cv_cxx_compiler_gnu=yes
ac_cv_env_CC_set=
ac_cv_env_CC_value=
ac_cv_env_CFLAGS_set=
ac_cv_env_CFLAGS_value=
ac_cv_env_CPPFLAGS_set=
ac_cv_env_CPPFLAGS_value=
ac_cv_env_CPP_set=
ac_cv_env_CPP_value=
ac_cv_env_CXXCPP_set=
ac_cv_env_CXXCPP_value=
ac_cv_env_CXXFLAGS_set=
ac_cv_env_CXXFLAGS_value=
ac_cv_env_CXX_set=
ac_cv_env_CXX_value=
ac_cv_env_F77_set=
ac_cv_env_F77_value=
ac_cv_env_FFLAGS_set=
ac_cv_env_FFLAGS_value=
ac_cv_env_LDFLAGS_set=
ac_cv_env_LDFLAGS_value=
ac_cv_env_build_alias_set=
ac_cv_env_build_alias_value=
ac_cv_env_host_alias_set=
ac_cv_env_host_alias_value=
ac_cv_env_target_alias_set=
ac_cv_env_target_alias_value=
ac_cv_exeext=.exe
ac_cv_f77_compiler_gnu=no
ac_cv_func_memcmp_working=yes
ac_cv_header_dlfcn_h=yes
ac_cv_header_inttypes_h=yes
ac_cv_header_memory_h=yes
ac_cv_header_stdc=yes
ac_cv_header_stdint_h=yes
ac_cv_header_stdlib_h=yes
ac_cv_header_string_h=yes
ac_cv_header_strings_h=yes
ac_cv_header_sys_stat_h=yes
ac_cv_header_sys_types_h=yes
ac_cv_header_unistd_h=yes
ac_cv_host=i586-pc-cygwin
ac_cv_host_alias=i586-pc-cygwin
ac_cv_objext=o
ac_cv_path_install='/usr/bin/install -c'
ac_cv_prog_AWK=gawk
ac_cv_prog_CPP='gcc -E'
ac_cv_prog_CXXCPP='g++ -E'
ac_cv_prog_ac_ct_AR=ar
ac_cv_prog_ac_ct_CC=gcc
ac_cv_prog_ac_ct_CXX=g++
ac_cv_prog_ac_ct_RANLIB=ranlib
ac_cv_prog_ac_ct_STRIP=strip
ac_cv_prog_cc_g=yes
ac_cv_prog_cc_stdc=
ac_cv_prog_cxx_g=yes
ac_cv_prog_egrep='grep -E'
ac_cv_prog_f77_g=no
ac_cv_prog_make_make_set=yes
ac_cv_sizeof_int=4
ac_cv_sizeof_long=4
ac_cv_sizeof_long_long=8
ac_cv_sizeof_short=2
ac_cv_type_int=yes
ac_cv_type_long=yes
ac_cv_type_long_long=yes
ac_cv_type_short=yes
am_cv_CC_dependencies_compiler_type=gcc3
am_cv_CXX_dependencies_compiler_type=gcc3
lt_cv_deplibs_check_method='file_magic ^x86 archive import|^x86 DLL'
lt_cv_file_magic_cmd=func_win32_libid
lt_cv_file_magic_test_file=
lt_cv_ld_reload_flag=-r
lt_cv_objdir=.libs
lt_cv_path_LD=/usr/i686-pc-cygwin/bin/ld.exe
lt_cv_path_LDCXX=/usr/i686-pc-cygwin/bin/ld.exe
lt_cv_path_NM='/usr/bin/nm -B'
lt_cv_path_SED=/usr/bin/sed
lt_cv_prog_compiler_c_o=yes
lt_cv_prog_compiler_c_o_CXX=yes
lt_cv_prog_compiler_rtti_exceptions=no
lt_cv_prog_gnu_ld=yes
lt_cv_prog_gnu_ldcxx=yes
lt_cv_sys_global_symbol_pipe='sed -n -e '\''s/^.*[ 	]\([ABCDGIRSTW][ABCDGIRSTW]*\)[ 	][ 	]*\(_\)\([_A-Za-z][_A-Za-z0-9]*\)$/\1 \2\3 \3/p'\'''
lt_cv_sys_global_symbol_to_c_name_address='sed -n -e '\''s/^: \([^ ]*\) $/  {\"\1\", (lt_ptr) 0},/p'\'' -e '\''s/^[BCDEGRST] \([^ ]*\) \([^ ]*\)$/  {"\2", (lt_ptr) \&\2},/p'\'''
lt_cv_sys_global_symbol_to_cdecl='sed -n -e '\''s/^. .* \(.*\)$/extern int \1;/p'\'''
lt_cv_sys_max_cmd_len=8192
lt_lt_cv_prog_compiler_c_o='"yes"'
lt_lt_cv_prog_compiler_c_o_CXX='"yes"'
lt_lt_cv_sys_global_symbol_pipe='"sed -n -e '\''s/^.*[ 	]\\([ABCDGIRSTW][ABCDGIRSTW]*\\)[ 	][ 	]*\\(_\\)\\([_A-Za-z][_A-Za-z0-9]*\\)\$/\\1 \\2\\3 \\3/p'\''"'
lt_lt_cv_sys_global_symbol_to_c_name_address='"sed -n -e '\''s/^: \\([^ ]*\\) \$/  {\\\"\\1\\\", (lt_ptr) 0},/p'\'' -e '\''s/^[BCDEGRST] \\([^ ]*\\) \\([^ ]*\\)\$/  {\"\\2\", (lt_ptr) \\&\\2},/p'\''"'
lt_lt_cv_sys_global_symbol_to_cdecl='"sed -n -e '\''s/^. .* \\(.*\\)\$/extern int \\1;/p'\''"'

## ----------------- ##
## Output variables. ##
## ----------------- ##

ACLOCAL='${SHELL} /home/Administrator/psptoolchain/libogg-1.1.2/missing --run aclocal-1.8'
AMDEPBACKSLASH='\'
AMDEP_FALSE='#'
AMDEP_TRUE=''
AMTAR='${SHELL} /home/Administrator/psptoolchain/libogg-1.1.2/missing --run tar'
AR='ar'
AUTOCONF='${SHELL} /home/Administrator/psptoolchain/libogg-1.1.2/missing --run autoconf'
AUTOHEADER='${SHELL} /home/Administrator/psptoolchain/libogg-1.1.2/missing --run autoheader'
AUTOMAKE='${SHELL} /home/Administrator/psptoolchain/libogg-1.1.2/missing --run automake-1.8'
AWK='gawk'
CC='gcc'
CCDEPMODE='depmode=gcc3'
CFLAGS='-O20 -fsigned-char -g -O2'
CPP='gcc -E'
CPPFLAGS=''
CXX='g++'
CXXCPP='g++ -E'
CXXDEPMODE='depmode=gcc3'
CXXFLAGS='-g -O2'
CYGPATH_W='cygpath -w'
DEBUG='-g -Wall -fsigned-char -g -O2'
DEFS='-DHAVE_CONFIG_H'
DEPDIR='.deps'
ECHO='echo'
ECHO_C=''
ECHO_N='-n'
ECHO_T=''
EGREP='grep -E'
EXEEXT='.exe'
F77=''
FFLAGS=''
INSTALL_DATA='${INSTALL} -m 644'
INSTALL_PROGRAM='${INSTALL}'
INSTALL_SCRIPT='${INSTALL}'
INSTALL_STRIP_PROGRAM='${SHELL} $(install_sh) -c -s'
LDFLAGS=' '
LIBOBJS=''
LIBS=''
LIBTOOL='$(SHELL) $(top_builddir)/libtool'
LIBTOOL_DEPS='./ltmain.sh'
LIB_AGE='5'
LIB_CURRENT='5'
LIB_REVISION='2'
LN_S='ln -s'
LTLIBOBJS=''
MAINT='#'
MAINTAINER_MODE_FALSE=''
MAINTAINER_MODE_TRUE='#'
MAKEINFO='${SHELL} /home/Administrator/psptoolchain/libogg-1.1.2/missing --run makeinfo'
OBJEXT='o'
OPT=''
PACKAGE='libogg'
PACKAGE_BUGREPORT=''
PACKAGE_NAME=''
PACKAGE_STRING=''
PACKAGE_TARNAME=''
PACKAGE_VERSION=''
PATH_SEPARATOR=':'
PROFILE='-O20 -g -pg -fsigned-char -g -O2'
RANLIB='ranlib'
SET_MAKE=''
SHELL='/bin/sh'
SIZE16='int16_t'
SIZE32='int32_t'
SIZE64='int64_t'
STRIP='strip'
USIZE16='uint16_t'
USIZE32='uint32_t'
VERSION='1.1.2'
ac_ct_AR='ar'
ac_ct_CC='gcc'
ac_ct_CXX='g++'
ac_ct_F77=''
ac_ct_RANLIB='ranlib'
ac_ct_STRIP='strip'
am__fastdepCC_FALSE='#'
am__fastdepCC_TRUE=''
am__fastdepCXX_FALSE='#'
am__fastdepCXX_TRUE=''
am__include='include'
am__leading_dot='.'
am__quote=''
bindir='${exec_prefix}/bin'
build='i586-pc-cygwin'
build_alias=''
build_cpu='i586'
build_os='cygwin'
build_vendor='pc'
datadir='${prefix}/share'
exec_prefix='${prefix}'
host='i586-pc-cygwin'
host_alias=''
host_cpu='i586'
host_os='cygwin'
host_vendor='pc'
includedir='${prefix}/include'
infodir='${prefix}/info'
install_sh='/home/Administrator/psptoolchain/libogg-1.1.2/install-sh'
libdir='${exec_prefix}/lib'
libexecdir='${exec_prefix}/libexec'
localstatedir='${prefix}/var'
mandir='${prefix}/man'
mkdir_p='mkdir -p -- .'
oldincludedir='/usr/include'
prefix='/usr/local'
program_transform_name='s,x,x,'
sbindir='${exec_prefix}/sbin'
sharedstatedir='${prefix}/com'
sysconfdir='${prefix}/etc'
target_alias=''

## ----------- ##
## confdefs.h. ##
## ----------- ##

#define HAVE_DLFCN_H 1
#define HAVE_INTTYPES_H 1
#define HAVE_MEMORY_H 1
#define HAVE_STDINT_H 1
#define HAVE_STDLIB_H 1
#define HAVE_STRINGS_H 1
#define HAVE_STRING_H 1
#define HAVE_SYS_STAT_H 1
#define HAVE_SYS_TYPES_H 1
#define HAVE_UNISTD_H 1
#define PACKAGE "libogg"
#define PACKAGE_BUGREPORT ""
#define PACKAGE_NAME ""
#define PACKAGE_STRING ""
#define PACKAGE_TARNAME ""
#define PACKAGE_VERSION ""
#define SIZEOF_INT 4
#define SIZEOF_LONG 4
#define SIZEOF_LONG_LONG 8
#define SIZEOF_SHORT 2
#define STDC_HEADERS 1
#define STDC_HEADERS 1
#define VERSION "1.1.2"
#endif
#ifdef __cplusplus
extern "C" void std::exit (int) throw (); using std::exit;

configure: exit 0
